<?xml version="1.0" encoding="UTF-8"?>
<coverage generated="1703591019212" clover="3.2.0">
  <project timestamp="1703591019212" name="All files">
    <metrics statements="23" coveredstatements="23" conditionals="6" coveredconditionals="4" methods="6" coveredmethods="6" elements="35" coveredelements="33" complexity="0" loc="23" ncloc="23" packages="1" files="1" classes="1"/>
    <file name="navBar.vue" path="/home/kaushik/Documents/Dec/Convo/frontEND/chat_app_2/Chat_App-FrontEND/src/components/navBar.vue">
      <metrics statements="23" coveredstatements="23" conditionals="6" coveredconditionals="4" methods="6" coveredmethods="6"/>
      <line num="4" count="1" type="stmt"/>
      <line num="7" count="1" type="stmt"/>
      <line num="8" count="1" type="stmt"/>
      <line num="15" count="4" type="cond" truecount="2" falsecount="0"/>
      <line num="16" count="4" type="stmt"/>
      <line num="17" count="4" type="stmt"/>
      <line num="18" count="4" type="stmt"/>
      <line num="21" count="4" type="stmt"/>
      <line num="24" count="4" type="stmt"/>
      <line num="27" count="1" type="stmt"/>
      <line num="29" count="1" type="stmt"/>
      <line num="32" count="1" type="stmt"/>
      <line num="33" count="1" type="stmt"/>
      <line num="34" count="1" type="stmt"/>
      <line num="37" count="1" type="stmt"/>
      <line num="40" count="1" type="stmt"/>
      <line num="44" count="1" type="stmt"/>
      <line num="49" count="1" type="stmt"/>
      <line num="53" count="1" type="stmt"/>
      <line num="60" count="4" type="stmt"/>
      <line num="61" count="4" type="stmt"/>
      <line num="65" count="4" type="stmt"/>
      <line num="68" count="1" type="stmt"/>
    </file>
  </project>
</coverage>
