{"/home/kaushik/Documents/Dec/Convo/frontEND/chat_app_2/Chat_App-FrontEND/src/components/navBar.vue": {"path":"/home/kaushik/Documents/Dec/Convo/frontEND/chat_app_2/Chat_App-FrontEND/src/components/navBar.vue","statementMap":{"0":{"start":{"line":4,"column":0},"end":{"line":6,"column":3}},"1":{"start":{"line":7,"column":0},"end":{"line":7,"column":25}},"2":{"start":{"line":8,"column":15},"end":{"line":26,"column":1}},"3":{"start":{"line":15,"column":23},"end":{"line":15,"column":57}},"4":{"start":{"line":16,"column":20},"end":{"line":16,"column":39}},"5":{"start":{"line":17,"column":24},"end":{"line":17,"column":32}},"6":{"start":{"line":18,"column":6},"end":{"line":18,"column":23}},"7":{"start":{"line":21,"column":6},"end":{"line":21,"column":39}},"8":{"start":{"line":24,"column":15},"end":{"line":24,"column":17}},"9":{"start":{"line":27,"column":0},"end":{"line":27,"column":13}},"10":{"start":{"line":29,"column":0},"end":{"line":31,"column":3}},"11":{"start":{"line":32,"column":0},"end":{"line":32,"column":24}},"12":{"start":{"line":33,"column":11},"end":{"line":33,"column":25}},"13":{"start":{"line":34,"column":19},"end":{"line":36,"column":1}},"14":{"start":{"line":37,"column":19},"end":{"line":39,"column":1}},"15":{"start":{"line":40,"column":19},"end":{"line":43,"column":1}},"16":{"start":{"line":44,"column":32},"end":{"line":48,"column":29}},"17":{"start":{"line":49,"column":19},"end":{"line":52,"column":1}},"18":{"start":{"line":53,"column":32},"end":{"line":58,"column":26}},"19":{"start":{"line":60,"column":33},"end":{"line":60,"column":74}},"20":{"start":{"line":61,"column":2},"end":{"line":67,"column":502}},"21":{"start":{"line":65,"column":37},"end":{"line":65,"column":76}},"22":{"start":{"line":68,"column":2},"end":{"line":68,"column":49}}},"fnMap":{"0":{"name":"(anonymous_0)","decl":{"start":{"line":14,"column":4},"end":{"line":14,"column":5}},"loc":{"start":{"line":14,"column":11},"end":{"line":19,"column":5}},"line":14},"1":{"name":"(anonymous_1)","decl":{"start":{"line":20,"column":4},"end":{"line":20,"column":5}},"loc":{"start":{"line":20,"column":22},"end":{"line":22,"column":5}},"line":20},"2":{"name":"(anonymous_2)","decl":{"start":{"line":24,"column":8},"end":{"line":24,"column":9}},"loc":{"start":{"line":24,"column":15},"end":{"line":24,"column":17}},"line":24},"3":{"name":"(anonymous_3)","decl":{"start":{"line":25,"column":2},"end":{"line":25,"column":3}},"loc":{"start":{"line":25,"column":12},"end":{"line":25,"column":14}},"line":25},"4":{"name":"render","decl":{"start":{"line":59,"column":9},"end":{"line":59,"column":15}},"loc":{"start":{"line":59,"column":30},"end":{"line":68,"column":1}},"line":59},"5":{"name":"(anonymous_5)","decl":{"start":{"line":65,"column":31},"end":{"line":65,"column":32}},"loc":{"start":{"line":65,"column":37},"end":{"line":65,"column":76}},"line":65}},"branchMap":{"0":{"loc":{"start":{"line":15,"column":23},"end":{"line":15,"column":57}},"type":"binary-expr","locations":[{"start":{"line":15,"column":23},"end":{"line":15,"column":51}},{"start":{"line":15,"column":55},"end":{"line":15,"column":57}}],"line":15},"1":{"loc":{"start":{"line":67,"column":6},"end":{"line":67,"column":256}},"type":"cond-expr","locations":[{"start":{"line":67,"column":43},"end":{"line":67,"column":210}},{"start":{"line":67,"column":214},"end":{"line":67,"column":256}}],"line":67},"2":{"loc":{"start":{"line":67,"column":258},"end":{"line":67,"column":497}},"type":"cond-expr","locations":[{"start":{"line":67,"column":282},"end":{"line":67,"column":451}},{"start":{"line":67,"column":455},"end":{"line":67,"column":497}}],"line":67}},"s":{"0":1,"1":1,"2":1,"3":4,"4":4,"5":4,"6":4,"7":4,"8":4,"9":1,"10":1,"11":1,"12":1,"13":1,"14":1,"15":1,"16":1,"17":1,"18":1,"19":4,"20":4,"21":4,"22":1},"f":{"0":4,"1":4,"2":4,"3":4,"4":4,"5":4},"b":{"0":[4,4],"1":[4,0],"2":[4,0]},"inputSourceMap":{"0":"{","1":"\"","2":"v","3":"e","4":"r","5":"s","6":"i","7":"o","8":"n","9":"\"","10":":","11":"3","12":",","13":"\"","14":"s","15":"o","16":"u","17":"r","18":"c","19":"e","20":"s","21":"\"","22":":","23":"[","24":"\"","25":"/","26":"h","27":"o","28":"m","29":"e","30":"/","31":"k","32":"a","33":"u","34":"s","35":"h","36":"i","37":"k","38":"/","39":"D","40":"o","41":"c","42":"u","43":"m","44":"e","45":"n","46":"t","47":"s","48":"/","49":"D","50":"e","51":"c","52":"/","53":"C","54":"o","55":"n","56":"v","57":"o","58":"/","59":"f","60":"r","61":"o","62":"n","63":"t","64":"E","65":"N","66":"D","67":"/","68":"c","69":"h","70":"a","71":"t","72":"_","73":"a","74":"p","75":"p","76":"_","77":"2","78":"/","79":"C","80":"h","81":"a","82":"t","83":"_","84":"A","85":"p","86":"p","87":"-","88":"F","89":"r","90":"o","91":"n","92":"t","93":"E","94":"N","95":"D","96":"/","97":"s","98":"r","99":"c","100":"/","101":"c","102":"o","103":"m","104":"p","105":"o","106":"n","107":"e","108":"n","109":"t","110":"s","111":"/","112":"n","113":"a","114":"v","115":"B","116":"a","117":"r","118":".","119":"v","120":"u","121":"e","122":"\"","123":"]","124":",","125":"\"","126":"n","127":"a","128":"m","129":"e","130":"s","131":"\"","132":":","133":"[","134":"]","135":",","136":"\"","137":"m","138":"a","139":"p","140":"p","141":"i","142":"n","143":"g","144":"s","145":"\"","146":":","147":"\"","148":";","149":";","150":";","151":";","152":";","153":";","154":";","155":"i","156":"C","157":"A","158":"o","159":"B","160":"e","161":";","162":"E","163":"A","164":"C","165":"b","166":",","167":"I","168":"A","169":"A","170":"I","171":",","172":"E","173":"A","174":"A","175":"E","176":",","177":"K","178":"A","179":"A","180":"K","181":";","182":"E","183":"A","184":"E","185":"X","186":",","187":"K","188":"A","189":"A","190":"K","191":",","192":"E","193":"A","194":"A","195":"E","196":";","197":"I","198":"A","199":"C","200":"L","201":",","202":"I","203":"A","204":"A","205":"I","206":",","207":"E","208":"A","209":"A","210":"E","211":";","212":"E","213":"A","214":"C","215":"R","216":",","217":"C","218":"A","219":"A","220":"C","221":";","222":"E","223":"A","224":"E","225":"D","226":",","227":"Q","228":"A","229":"A","230":"Q","231":",","232":"E","233":"A","234":"A","235":"E","236":";","237":"I","238":"A","239":"C","240":"R","241":",","242":"I","243":"A","244":"A","245":"I","246":",","247":"G","248":"A","249":"A","250":"G","251":";","252":"M","253":"A","254":"C","255":"L","256":",","257":"M","258":"A","259":"A","260":"M","261":",","262":"Q","263":"A","264":"A","265":"Q","266":",","267":"G","268":"A","269":"A","270":"G","271":",","272":"Y","273":"A","274":"A","275":"Y","276":",","277":"C","278":"A","279":"A","280":"C","281":",","282":"O","283":"A","284":"A","285":"O","286":",","287":"C","288":"A","289":"A","290":"C","291":",","292":"M","293":"A","294":"A","295":"M","296":",","297":"C","298":"A","299":"A","300":"C","301":",","302":"I","303":"A","304":"A","305":"I","306":",","307":"E","308":"A","309":"A","310":"E","311":";","312":"M","313":"A","314":"C","315":"n","316":"D","317":",","318":"M","319":"A","320":"A","321":"M","322":",","323":"K","324":"A","325":"A","326":"K","327":",","328":"G","329":"A","330":"A","331":"G","332":",","333":"Q","334":"A","335":"A","336":"Q","337":",","338":"C","339":"A","340":"A","341":"C","342":",","343":"K","344":"A","345":"A","346":"K","347":",","348":"C","349":"A","350":"A","351":"C","352":",","353":"G","354":"A","355":"A","356":"G","357":",","358":"C","359":"A","360":"A","361":"C","362":";","363":"M","364":"A","365":"C","366":"j","367":"C","368":",","369":"M","370":"A","371":"A","372":"M","373":",","374":"S","375":"A","376":"A","377":"S","378":",","379":"G","380":"A","381":"A","382":"G","383":",","384":"K","385":"A","386":"A","387":"K","388":",","389":"C","390":"A","391":"A","392":"C","393":",","394":"C","395":"A","396":"A","397":"C","398":",","399":"C","400":"A","401":"A","402":"C","403":";","404":"M","405":"A","406":"C","407":"1","408":"B","409":",","410":"O","411":"A","412":"A","413":"O","414":",","415":"S","416":"A","417":"A","418":"S","419":";","420":"I","421":"A","422":"C","423":"l","424":"B","425":",","426":"C","427":"A","428":"A","429":"C","430":";","431":"I","432":"A","433":"C","434":"D","435":",","436":"e","437":"A","438":"A","439":"e","440":",","441":"G","442":"A","443":"A","444":"G","445":";","446":"M","447":"A","448":"C","449":"h","450":"B","451":",","452":"O","453":"A","454":"A","455":"O","456":",","457":"I","458":"A","459":"A","460":"I","461":",","462":"C","463":"A","464":"A","465":"C","466":",","467":"I","468":"A","469":"A","470":"I","471":",","472":"C","473":"A","474":"A","475":"C","476":",","477":"e","478":"A","479":"A","480":"e","481":";","482":"I","483":"A","484":"C","485":"l","486":"C","487":";","488":"E","489":"A","490":"C","491":"F","492":",","493":"C","494":"A","495":"A","496":"C","497":";","498":"E","499":"A","500":"E","501":"D","502":",","503":"I","504":"A","505":"A","506":"I","507":",","508":"E","509":"A","510":"A","511":"E","512":",","513":"O","514":"A","515":"A","516":"O","517":",","518":"C","519":"A","520":"A","521":"C","522":",","523":"C","524":"A","525":"A","526":"C","527":",","528":"C","529":"A","530":"A","531":"C","532":";","533":"E","534":"A","535":"E","536":"h","537":"B","538":",","539":"O","540":"A","541":"A","542":"O","543":",","544":"G","545":"A","546":"A","547":"G","548":",","549":"C","550":"A","551":"A","552":"C","553":";","554":"A","555":"A","556":"C","557":"b","558":",","559":"C","560":"A","561":"A","562":"C","563":"\"","564":",","565":"\"","566":"f","567":"i","568":"l","569":"e","570":"\"","571":":","572":"\"","573":"/","574":"h","575":"o","576":"m","577":"e","578":"/","579":"k","580":"a","581":"u","582":"s","583":"h","584":"i","585":"k","586":"/","587":"D","588":"o","589":"c","590":"u","591":"m","592":"e","593":"n","594":"t","595":"s","596":"/","597":"D","598":"e","599":"c","600":"/","601":"C","602":"o","603":"n","604":"v","605":"o","606":"/","607":"f","608":"r","609":"o","610":"n","611":"t","612":"E","613":"N","614":"D","615":"/","616":"c","617":"h","618":"a","619":"t","620":"_","621":"a","622":"p","623":"p","624":"_","625":"2","626":"/","627":"C","628":"h","629":"a","630":"t","631":"_","632":"A","633":"p","634":"p","635":"-","636":"F","637":"r","638":"o","639":"n","640":"t","641":"E","642":"N","643":"D","644":"/","645":"s","646":"r","647":"c","648":"/","649":"c","650":"o","651":"m","652":"p","653":"o","654":"n","655":"e","656":"n","657":"t","658":"s","659":"/","660":"n","661":"a","662":"v","663":"B","664":"a","665":"r","666":".","667":"v","668":"u","669":"e","670":"\"","671":",","672":"\"","673":"s","674":"o","675":"u","676":"r","677":"c","678":"e","679":"s","680":"C","681":"o","682":"n","683":"t","684":"e","685":"n","686":"t","687":"\"","688":":","689":"[","690":"\"","691":"<","692":"t","693":"e","694":"m","695":"p","696":"l","697":"a","698":"t","699":"e","700":">","701":"\\","702":"n","703":" ","704":" ","705":"<","706":"n","707":"a","708":"v","709":" ","710":"c","711":"l","712":"a","713":"s","714":"s","715":"=","716":"\\","717":"\"","718":"n","719":"a","720":"v","721":"b","722":"a","723":"r","724":" ","725":"b","726":"g","727":"-","728":"b","729":"o","730":"d","731":"y","732":"-","733":"t","734":"e","735":"r","736":"t","737":"i","738":"a","739":"r","740":"y","741":" ","742":"p","743":"-","744":"0","745":"\\","746":"\"","747":">","748":"\\","749":"n","750":" ","751":" ","752":" ","753":" ","754":"<","755":"d","756":"i","757":"v","758":" ","759":"c","760":"l","761":"a","762":"s","763":"s","764":"=","765":"\\","766":"\"","767":"c","768":"o","769":"n","770":"t","771":"a","772":"i","773":"n","774":"e","775":"r","776":"-","777":"f","778":"l","779":"u","780":"i","781":"d","782":" ","783":"b","784":"g","785":"-","786":"p","787":"r","788":"i","789":"m","790":"a","791":"r","792":"y","793":"\\","794":"\"","795":">","796":"\\","797":"n","798":" ","799":" ","800":" ","801":" ","802":" ","803":" ","804":"<","805":"r","806":"o","807":"u","808":"t","809":"e","810":"r","811":"-","812":"l","813":"i","814":"n","815":"k","816":" ","817":"t","818":"o","819":"=","820":"\\","821":"\"","822":"/","823":"h","824":"o","825":"m","826":"e","827":"\\","828":"\"","829":" ","830":"c","831":"l","832":"a","833":"s","834":"s","835":"=","836":"\\","837":"\"","838":"n","839":"a","840":"v","841":"b","842":"a","843":"r","844":"-","845":"b","846":"r","847":"a","848":"n","849":"d","850":" ","851":"l","852":"o","853":"g","854":"o","855":"\\","856":"\"","857":">","858":" ","859":"C","860":"h","861":"a","862":"t","863":"O","864":"N","865":" ","866":"<","867":"/","868":"r","869":"o","870":"u","871":"t","872":"e","873":"r","874":"-","875":"l","876":"i","877":"n","878":"k","879":">","880":"\\","881":"n","882":" ","883":" ","884":" ","885":" ","886":" ","887":" ","888":"<","889":"d","890":"i","891":"v","892":" ","893":"v","894":"-","895":"i","896":"f","897":"=","898":"\\","899":"\"","900":"d","901":"a","902":"t","903":"a","904":".","905":"s","906":"h","907":"o","908":"w","909":"L","910":"a","911":"n","912":"d","913":"i","914":"n","915":"g","916":"P","917":"a","918":"g","919":"e","920":"C","921":"o","922":"n","923":"t","924":"r","925":"o","926":"l","927":"s","928":"\\","929":"\"","930":" ","931":"c","932":"l","933":"a","934":"s","935":"s","936":"=","937":"\\","938":"\"","939":"n","940":"a","941":"v","942":"O","943":"p","944":"t","945":"i","946":"o","947":"n","948":"s","949":" ","950":"d","951":"-","952":"f","953":"l","954":"e","955":"x","956":"\\","957":"\"","958":">","959":"\\","960":"n","961":" ","962":" ","963":" ","964":" ","965":" ","966":" ","967":" ","968":" ","969":"<","970":"a","971":" ","972":"c","973":"l","974":"a","975":"s","976":"s","977":"=","978":"\\","979":"\"","980":"n","981":"a","982":"v","983":"-","984":"l","985":"i","986":"n","987":"k","988":" ","989":"m","990":"-","991":"2","992":"\\","993":"\"","994":" ","995":"a","996":"r","997":"i","998":"a","999":"-","1000":"c","1001":"u","1002":"r","1003":"r","1004":"e","1005":"n","1006":"t","1007":"=","1008":"\\","1009":"\"","1010":"p","1011":"a","1012":"g","1013":"e","1014":"\\","1015":"\"","1016":" ","1017":"h","1018":"r","1019":"e","1020":"f","1021":"=","1022":"\\","1023":"\"","1024":"#","1025":"\\","1026":"\"","1027":">","1028":"L","1029":"o","1030":"g","1031":"i","1032":"n","1033":"<","1034":"/","1035":"a","1036":">","1037":"\\","1038":"n","1039":" ","1040":" ","1041":" ","1042":" ","1043":" ","1044":" ","1045":" ","1046":" ","1047":"<","1048":"!","1049":"-","1050":"-","1051":" ","1052":"<","1053":"a","1054":" ","1055":"c","1056":"l","1057":"a","1058":"s","1059":"s","1060":"=","1061":"\\","1062":"\"","1063":"n","1064":"a","1065":"v","1066":"-","1067":"l","1068":"i","1069":"n","1070":"k","1071":" ","1072":"m","1073":"-","1074":"2","1075":"\\","1076":"\"","1077":" ","1078":"h","1079":"r","1080":"e","1081":"f","1082":"=","1083":"\\","1084":"\"","1085":"#","1086":"\\","1087":"\"","1088":">","1089":"S","1090":"i","1091":"g","1092":"n","1093":"u","1094":"p","1095":"<","1096":"/","1097":"a","1098":">","1099":" ","1100":"-","1101":"-","1102":">","1103":"\\","1104":"n","1105":" ","1106":" ","1107":" ","1108":" ","1109":" ","1110":" ","1111":"<","1112":"/","1113":"d","1114":"i","1115":"v","1116":">","1117":"\\","1118":"n","1119":" ","1120":" ","1121":" ","1122":" ","1123":" ","1124":" ","1125":"<","1126":"d","1127":"i","1128":"v","1129":"\\","1130":"n","1131":" ","1132":" ","1133":" ","1134":" ","1135":" ","1136":" ","1137":" ","1138":" ","1139":"v","1140":"-","1141":"i","1142":"f","1143":"=","1144":"\\","1145":"\"","1146":"s","1147":"h","1148":"o","1149":"w","1150":"P","1151":"r","1152":"o","1153":"f","1154":"i","1155":"l","1156":"e","1157":"C","1158":"h","1159":"i","1160":"p","1161":"\\","1162":"\"","1163":"\\","1164":"n","1165":" ","1166":" ","1167":" ","1168":" ","1169":" ","1170":" ","1171":" ","1172":" ","1173":"c","1174":"l","1175":"a","1176":"s","1177":"s","1178":"=","1179":"\\","1180":"\"","1181":"c","1182":"h","1183":"i","1184":"p","1185":" ","1186":"m","1187":"l","1188":"-","1189":"a","1190":"u","1191":"t","1192":"o","1193":" ","1194":"b","1195":"g","1196":"-","1197":"p","1198":"r","1199":"i","1200":"m","1201":"a","1202":"r","1203":"y","1204":" ","1205":"p","1206":"x","1207":"-","1208":"3","1209":" ","1210":"p","1211":"y","1212":"-","1213":"1","1214":" ","1215":"r","1216":"o","1217":"u","1218":"n","1219":"d","1220":"e","1221":"d","1222":"-","1223":"p","1224":"i","1225":"l","1226":"l","1227":" ","1228":"t","1229":"e","1230":"x","1231":"t","1232":"-","1233":"d","1234":"a","1235":"r","1236":"k","1237":"\\","1238":"\"","1239":"\\","1240":"n","1241":" ","1242":" ","1243":" ","1244":" ","1245":" ","1246":" ","1247":">","1248":"\\","1249":"n","1250":" ","1251":" ","1252":" ","1253":" ","1254":" ","1255":" ","1256":" ","1257":" ","1258":"<","1259":"i","1260":"m","1261":"g","1262":" ","1263":"s","1264":"r","1265":"c","1266":"=","1267":"\\","1268":"\"","1269":"i","1270":"m","1271":"g","1272":"_","1273":"a","1274":"v","1275":"a","1276":"t","1277":"a","1278":"r","1279":".","1280":"j","1281":"p","1282":"g","1283":"\\","1284":"\"","1285":" ","1286":"a","1287":"l","1288":"t","1289":"=","1290":"\\","1291":"\"","1292":"P","1293":".","1294":"I","1295":"\\","1296":"\"","1297":" ","1298":"w","1299":"i","1300":"d","1301":"t","1302":"h","1303":"=","1304":"\\","1305":"\"","1306":"9","1307":"6","1308":"\\","1309":"\"","1310":" ","1311":"h","1312":"e","1313":"i","1314":"g","1315":"h","1316":"t","1317":"=","1318":"\\","1319":"\"","1320":"9","1321":"6","1322":"\\","1323":"\"","1324":" ","1325":"/","1326":">","1327":"\\","1328":"n","1329":" ","1330":" ","1331":" ","1332":" ","1333":" ","1334":" ","1335":" ","1336":" ","1337":"{","1338":"{","1339":" ","1340":"n","1341":"a","1342":"m","1343":"e","1344":" ","1345":"}","1346":"}","1347":"\\","1348":"n","1349":" ","1350":" ","1351":" ","1352":" ","1353":" ","1354":" ","1355":"<","1356":"/","1357":"d","1358":"i","1359":"v","1360":">","1361":"\\","1362":"n","1363":" ","1364":" ","1365":" ","1366":" ","1367":"<","1368":"/","1369":"d","1370":"i","1371":"v","1372":">","1373":"\\","1374":"n","1375":" ","1376":" ","1377":"<","1378":"/","1379":"n","1380":"a","1381":"v","1382":">","1383":"\\","1384":"n","1385":"<","1386":"/","1387":"t","1388":"e","1389":"m","1390":"p","1391":"l","1392":"a","1393":"t","1394":"e","1395":">","1396":"\\","1397":"n","1398":"\\","1399":"n","1400":"<","1401":"s","1402":"c","1403":"r","1404":"i","1405":"p","1406":"t","1407":">","1408":"\\","1409":"n","1410":"e","1411":"x","1412":"p","1413":"o","1414":"r","1415":"t","1416":" ","1417":"d","1418":"e","1419":"f","1420":"a","1421":"u","1422":"l","1423":"t","1424":" ","1425":"{","1426":"\\","1427":"n","1428":" ","1429":" ","1430":"n","1431":"a","1432":"m","1433":"e","1434":":","1435":" ","1436":"\\","1437":"\"","1438":"n","1439":"a","1440":"v","1441":"\\","1442":"\"","1443":",","1444":"\\","1445":"n","1446":"\\","1447":"n","1448":" ","1449":" ","1450":"p","1451":"r","1452":"o","1453":"p","1454":"s","1455":":","1456":" ","1457":"{","1458":"\\","1459":"n","1460":" ","1461":" ","1462":" ","1463":" ","1464":"d","1465":"a","1466":"t","1467":"a","1468":":","1469":" ","1470":"O","1471":"b","1472":"j","1473":"e","1474":"c","1475":"t","1476":",","1477":"\\","1478":"n","1479":" ","1480":" ","1481":"}","1482":",","1483":"\\","1484":"n","1485":"\\","1486":"n","1487":" ","1488":" ","1489":"c","1490":"o","1491":"m","1492":"p","1493":"u","1494":"t","1495":"e","1496":"d","1497":":","1498":" ","1499":"{","1500":"\\","1501":"n","1502":" ","1503":" ","1504":" ","1505":" ","1506":"n","1507":"a","1508":"m","1509":"e","1510":"(","1511":")","1512":" ","1513":"{","1514":"\\","1515":"n","1516":" ","1517":" ","1518":" ","1519":" ","1520":" ","1521":" ","1522":"c","1523":"o","1524":"n","1525":"s","1526":"t","1527":" ","1528":"f","1529":"u","1530":"l","1531":"l","1532":"N","1533":"a","1534":"m","1535":"e","1536":" ","1537":"=","1538":" ","1539":"l","1540":"o","1541":"c","1542":"a","1543":"l","1544":"S","1545":"t","1546":"o","1547":"r","1548":"a","1549":"g","1550":"e","1551":".","1552":"g","1553":"e","1554":"t","1555":"I","1556":"t","1557":"e","1558":"m","1559":"(","1560":"\\","1561":"\"","1562":"n","1563":"a","1564":"m","1565":"e","1566":"\\","1567":"\"","1568":")","1569":" ","1570":"|","1571":"|","1572":" ","1573":"\\","1574":"\"","1575":"\\","1576":"\"","1577":";","1578":"\\","1579":"n","1580":" ","1581":" ","1582":" ","1583":" ","1584":" ","1585":" ","1586":"c","1587":"o","1588":"n","1589":"s","1590":"t","1591":" ","1592":"w","1593":"o","1594":"r","1595":"d","1596":"s","1597":" ","1598":"=","1599":" ","1600":"f","1601":"u","1602":"l","1603":"l","1604":"N","1605":"a","1606":"m","1607":"e","1608":".","1609":"s","1610":"p","1611":"l","1612":"i","1613":"t","1614":"(","1615":"\\","1616":"\"","1617":" ","1618":"\\","1619":"\"","1620":")","1621":";","1622":"\\","1623":"n","1624":" ","1625":" ","1626":" ","1627":" ","1628":" ","1629":" ","1630":"c","1631":"o","1632":"n","1633":"s","1634":"t","1635":" ","1636":"f","1637":"i","1638":"r","1639":"s","1640":"t","1641":"N","1642":"a","1643":"m","1644":"e","1645":" ","1646":"=","1647":" ","1648":"w","1649":"o","1650":"r","1651":"d","1652":"s","1653":"[","1654":"0","1655":"]","1656":";","1657":"\\","1658":"n","1659":" ","1660":" ","1661":" ","1662":" ","1663":" ","1664":" ","1665":"r","1666":"e","1667":"t","1668":"u","1669":"r","1670":"n","1671":" ","1672":"f","1673":"i","1674":"r","1675":"s","1676":"t","1677":"N","1678":"a","1679":"m","1680":"e","1681":";","1682":"\\","1683":"n","1684":" ","1685":" ","1686":" ","1687":" ","1688":"}","1689":",","1690":"\\","1691":"n","1692":" ","1693":" ","1694":" ","1695":" ","1696":"s","1697":"h","1698":"o","1699":"w","1700":"P","1701":"r","1702":"o","1703":"f","1704":"i","1705":"l","1706":"e","1707":"C","1708":"h","1709":"i","1710":"p","1711":"(","1712":")","1713":" ","1714":"{","1715":"\\","1716":"n","1717":" ","1718":" ","1719":" ","1720":" ","1721":" ","1722":" ","1723":"r","1724":"e","1725":"t","1726":"u","1727":"r","1728":"n","1729":" ","1730":"t","1731":"h","1732":"i","1733":"s","1734":".","1735":"d","1736":"a","1737":"t","1738":"a","1739":".","1740":"s","1741":"h","1742":"o","1743":"w","1744":"P","1745":"r","1746":"o","1747":"f","1748":"i","1749":"l","1750":"e","1751":"C","1752":"h","1753":"i","1754":"p","1755":";","1756":"\\","1757":"n","1758":" ","1759":" ","1760":" ","1761":" ","1762":"}","1763":",","1764":"\\","1765":"n","1766":" ","1767":" ","1768":"}","1769":",","1770":"\\","1771":"n","1772":"\\","1773":"n","1774":" ","1775":" ","1776":"d","1777":"a","1778":"t","1779":"a","1780":":","1781":" ","1782":"(","1783":")","1784":" ","1785":"=","1786":">","1787":" ","1788":"(","1789":"{","1790":"}","1791":")","1792":",","1793":"\\","1794":"n","1795":"\\","1796":"n","1797":" ","1798":" ","1799":"m","1800":"o","1801":"u","1802":"n","1803":"t","1804":"e","1805":"d","1806":"(","1807":")","1808":" ","1809":"{","1810":"}","1811":",","1812":"\\","1813":"n","1814":"}","1815":";","1816":"\\","1817":"n","1818":"<","1819":"/","1820":"s","1821":"c","1822":"r","1823":"i","1824":"p","1825":"t","1826":">","1827":"\\","1828":"n","1829":"\\","1830":"n","1831":"<","1832":"s","1833":"t","1834":"y","1835":"l","1836":"e","1837":" ","1838":"s","1839":"c","1840":"o","1841":"p","1842":"e","1843":"d","1844":">","1845":"\\","1846":"n","1847":".","1848":"n","1849":"a","1850":"v","1851":"b","1852":"a","1853":"r","1854":" ","1855":"{","1856":"\\","1857":"n","1858":" ","1859":" ","1860":"m","1861":"a","1862":"x","1863":"-","1864":"h","1865":"e","1866":"i","1867":"g","1868":"h","1869":"t","1870":":","1871":" ","1872":"5","1873":"0","1874":"p","1875":"x","1876":";","1877":"\\","1878":"n","1879":" ","1880":" ","1881":"p","1882":"a","1883":"d","1884":"d","1885":"i","1886":"n","1887":"g","1888":"-","1889":"b","1890":"o","1891":"t","1892":"t","1893":"o","1894":"m","1895":":","1896":" ","1897":"4","1898":"0","1899":"p","1900":"x","1901":";","1902":"\\","1903":"n","1904":" ","1905":" ","1906":"m","1907":"a","1908":"r","1909":"g","1910":"i","1911":"n","1912":"-","1913":"t","1914":"o","1915":"p","1916":":","1917":" ","1918":"-","1919":"4","1920":"5","1921":"p","1922":"x","1923":";","1924":"\\","1925":"n","1926":"}","1927":"\\","1928":"n","1929":".","1930":"c","1931":"h","1932":"i","1933":"p","1934":":","1935":"h","1936":"o","1937":"v","1938":"e","1939":"r","1940":" ","1941":"{","1942":"\\","1943":"n","1944":" ","1945":" ","1946":"c","1947":"u","1948":"r","1949":"s","1950":"o","1951":"r","1952":":","1953":" ","1954":"p","1955":"o","1956":"i","1957":"n","1958":"t","1959":"e","1960":"r","1961":";","1962":"\\","1963":"n","1964":"}","1965":"\\","1966":"n","1967":".","1968":"l","1969":"o","1970":"g","1971":"o","1972":" ","1973":"{","1974":"\\","1975":"n","1976":" ","1977":" ","1978":"f","1979":"o","1980":"n","1981":"t","1982":"-","1983":"s","1984":"i","1985":"z","1986":"e","1987":":","1988":" ","1989":"3","1990":"0","1991":"p","1992":"x","1993":";","1994":"\\","1995":"n","1996":" ","1997":" ","1998":"t","1999":"e","2000":"x","2001":"t","2002":"-","2003":"s","2004":"h","2005":"a","2006":"d","2007":"o","2008":"w","2009":":","2010":"\\","2011":"n","2012":" ","2013":" ","2014":" ","2015":" ","2016":"1","2017":"p","2018":"x","2019":" ","2020":"1","2021":"p","2022":"x","2023":" ","2024":"0","2025":" ","2026":"#","2027":"6","2028":"6","2029":"c","2030":"2","2031":"f","2032":"f","2033":",","2034":"\\","2035":"n","2036":" ","2037":" ","2038":" ","2039":" ","2040":"2","2041":"p","2042":"x","2043":" ","2044":"2","2045":"p","2046":"x","2047":" ","2048":"0","2049":" ","2050":"#","2051":"0","2052":"e","2053":"0","2054":"6","2055":"f","2056":"d","2057":",","2058":"\\","2059":"n","2060":" ","2061":" ","2062":" ","2063":" ","2064":"3","2065":"p","2066":"x","2067":" ","2068":"3","2069":"p","2070":"x","2071":" ","2072":"0","2073":" ","2074":"#","2075":"e","2076":"d","2077":"2","2078":"a","2079":"f","2080":"f","2081":";","2082":"\\","2083":"n","2084":" ","2085":" ","2086":"c","2087":"o","2088":"l","2089":"o","2090":"r","2091":":","2092":" ","2093":"t","2094":"r","2095":"a","2096":"n","2097":"s","2098":"p","2099":"a","2100":"r","2101":"e","2102":"n","2103":"t","2104":";","2105":" ","2106":"/","2107":"*","2108":" ","2109":"M","2110":"a","2111":"k","2112":"e","2113":" ","2114":"t","2115":"h","2116":"e","2117":" ","2118":"o","2119":"r","2120":"i","2121":"g","2122":"i","2123":"n","2124":"a","2125":"l","2126":" ","2127":"t","2128":"e","2129":"x","2130":"t","2131":" ","2132":"c","2133":"o","2134":"l","2135":"o","2136":"r","2137":" ","2138":"t","2139":"r","2140":"a","2141":"n","2142":"s","2143":"p","2144":"a","2145":"r","2146":"e","2147":"n","2148":"t","2149":" ","2150":"*","2151":"/","2152":"\\","2153":"n","2154":"}","2155":"\\","2156":"n","2157":"\\","2158":"n","2159":".","2160":"l","2161":"o","2162":"g","2163":"o","2164":":","2165":"h","2166":"o","2167":"v","2168":"e","2169":"r","2170":" ","2171":"{","2172":"\\","2173":"n","2174":" ","2175":" ","2176":"c","2177":"o","2178":"l","2179":"o","2180":"r","2181":":","2182":" ","2183":"#","2184":"b","2185":"4","2186":"2","2187":"a","2188":"f","2189":"f","2190":";","2191":"\\","2192":"n","2193":"}","2194":"\\","2195":"n","2196":"<","2197":"/","2198":"s","2199":"t","2200":"y","2201":"l","2202":"e","2203":">","2204":"\\","2205":"n","2206":"\"","2207":"]","2208":"}"},"_coverageSchema":"1a1c01bbd47fc00a2c39e90264f33305004495a9","hash":"dd2f05b277ad7e9519ec2b7c8d98efb93a352fb9"}
}
