TN:
SF:src/components/navBar.vue
FN:14,(anonymous_0)
FN:20,(anonymous_1)
FN:24,(anonymous_2)
FN:25,(anonymous_3)
FN:59,render
FN:65,(anonymous_5)
FNF:6
FNH:6
FNDA:4,(anonymous_0)
FNDA:4,(anonymous_1)
FNDA:4,(anonymous_2)
FNDA:4,(anonymous_3)
FNDA:4,render
FNDA:4,(anonymous_5)
DA:4,1
DA:7,1
DA:8,1
DA:15,4
DA:16,4
DA:17,4
DA:18,4
DA:21,4
DA:24,4
DA:27,1
DA:29,1
DA:32,1
DA:33,1
DA:34,1
DA:37,1
DA:40,1
DA:44,1
DA:49,1
DA:53,1
DA:60,4
DA:61,4
DA:65,4
DA:68,1
LF:23
LH:23
BRDA:15,0,0,4
BRDA:15,0,1,4
BRDA:67,1,0,4
BRDA:67,1,1,0
BRDA:67,2,0,4
BRDA:67,2,1,0
BRF:6
BRH:4
end_of_record
